<?xml version="1.0" encoding="UTF-8" ?>
<testsuite tests="5" failures="0" name="com.amzukastore.testcases.ProductDaoImplTest" time="0.536" errors="1" skipped="4">
  <properties>
[...]
</properties>
  <testcase classname="com.amzukastore.testcases.ProductDaoImplTest" name="testUpdateProduct" time="0.305">
    <skipped/>
    <system-out>inside password encoder
hello
com.amzukastore.daoimpl.ProductDaoImpl@3d278b4d
</system-out>
    <system-err>Mar 14, 2019 10:00:31 PM org.hibernate.dialect.Dialect &lt;init&gt;
INFO: HHH000400: Using dialect: org.hibernate.dialect.H2Dialect
</system-err>
  </testcase>
  <testcase classname="com.amzukastore.testcases.ProductDaoImplTest" name="testAddProduct" time="0.057">
    <error message="could not execute statement; SQL [n/a]; constraint [&quot;FK42IY97XLO64J31DSLBN36VMYH: PUBLIC.PRODUCT FOREIGN KEY(CATEGORYID) REFERENCES PUBLIC.CATEGORY(ID) (164)&quot;; SQL statement:
insert into Product (categoryId, imgName, imgName1, price, productName, quantity, rating, supplierId, id) values (?, ?, ?, ?, ?, ?, ?, ?, ?) [23506-197]]; nested exception is org.hibernate.exception.ConstraintViolationException: could not execute statement" type="org.springframework.dao.DataIntegrityViolationException">org.springframework.dao.DataIntegrityViolationException: could not execute statement; SQL [n/a]; constraint [&quot;FK42IY97XLO64J31DSLBN36VMYH: PUBLIC.PRODUCT FOREIGN KEY(CATEGORYID) REFERENCES PUBLIC.CATEGORY(ID) (164)&quot;; SQL statement:
insert into Product (categoryId, imgName, imgName1, price, productName, quantity, rating, supplierId, id) values (?, ?, ?, ?, ?, ?, ?, ?, ?) [23506-197]]; nested exception is org.hibernate.exception.ConstraintViolationException: could not execute statement
	at org.springframework.orm.hibernate5.SessionFactoryUtils.convertHibernateAccessException(SessionFactoryUtils.java:247)
	at org.springframework.orm.hibernate5.HibernateTransactionManager.convertHibernateAccessException(HibernateTransactionManager.java:801)
	at org.springframework.orm.hibernate5.HibernateTransactionManager.doCommit(HibernateTransactionManager.java:637)
	at org.springframework.transaction.support.AbstractPlatformTransactionManager.processCommit(AbstractPlatformTransactionManager.java:746)
	at org.springframework.transaction.support.AbstractPlatformTransactionManager.commit(AbstractPlatformTransactionManager.java:714)
	at org.springframework.transaction.interceptor.TransactionAspectSupport.commitTransactionAfterReturning(TransactionAspectSupport.java:533)
	at org.springframework.transaction.interceptor.TransactionAspectSupport.invokeWithinTransaction(TransactionAspectSupport.java:304)
	at org.springframework.transaction.interceptor.TransactionInterceptor.invoke(TransactionInterceptor.java:98)
	at org.springframework.aop.framework.ReflectiveMethodInvocation.proceed(ReflectiveMethodInvocation.java:186)
	at org.springframework.aop.framework.JdkDynamicAopProxy.invoke(JdkDynamicAopProxy.java:212)
	at com.sun.proxy.$Proxy50.addProduct(Unknown Source)
	at com.amzukastore.testcases.ProductDaoImplTest.testAddProduct(ProductDaoImplTest.java:47)
	at sun.reflect.NativeMethodAccessorImpl.invoke0(Native Method)
	at sun.reflect.NativeMethodAccessorImpl.invoke(NativeMethodAccessorImpl.java:62)
	at sun.reflect.DelegatingMethodAccessorImpl.invoke(DelegatingMethodAccessorImpl.java:43)
	at java.lang.reflect.Method.invoke(Method.java:498)
	at org.junit.runners.model.FrameworkMethod$1.runReflectiveCall(FrameworkMethod.java:47)
	at org.junit.internal.runners.model.ReflectiveCallable.run(ReflectiveCallable.java:12)
	at org.junit.runners.model.FrameworkMethod.invokeExplosively(FrameworkMethod.java:44)
	at org.junit.internal.runners.statements.InvokeMethod.evaluate(InvokeMethod.java:17)
	at org.junit.runners.ParentRunner.runLeaf(ParentRunner.java:271)
	at org.junit.runners.BlockJUnit4ClassRunner.runChild(BlockJUnit4ClassRunner.java:70)
	at org.junit.runners.BlockJUnit4ClassRunner.runChild(BlockJUnit4ClassRunner.java:50)
	at org.junit.runners.ParentRunner$3.run(ParentRunner.java:238)
	at org.junit.runners.ParentRunner$1.schedule(ParentRunner.java:63)
	at org.junit.runners.ParentRunner.runChildren(ParentRunner.java:236)
	at org.junit.runners.ParentRunner.access$000(ParentRunner.java:53)
	at org.junit.runners.ParentRunner$2.evaluate(ParentRunner.java:229)
	at org.junit.internal.runners.statements.RunBefores.evaluate(RunBefores.java:26)
	at org.junit.runners.ParentRunner.run(ParentRunner.java:309)
	at org.apache.maven.surefire.junit4.JUnit4Provider.execute(JUnit4Provider.java:252)
	at org.apache.maven.surefire.junit4.JUnit4Provider.executeTestSet(JUnit4Provider.java:141)
	at org.apache.maven.surefire.junit4.JUnit4Provider.invoke(JUnit4Provider.java:112)
	at sun.reflect.NativeMethodAccessorImpl.invoke0(Native Method)
	at sun.reflect.NativeMethodAccessorImpl.invoke(NativeMethodAccessorImpl.java:62)
	at sun.reflect.DelegatingMethodAccessorImpl.invoke(DelegatingMethodAccessorImpl.java:43)
	at java.lang.reflect.Method.invoke(Method.java:498)
	at org.apache.maven.surefire.util.ReflectionUtils.invokeMethodWithArray(ReflectionUtils.java:189)
	at org.apache.maven.surefire.booter.ProviderFactory$ProviderProxy.invoke(ProviderFactory.java:165)
	at org.apache.maven.surefire.booter.ProviderFactory.invokeProvider(ProviderFactory.java:85)
	at org.apache.maven.surefire.booter.ForkedBooter.runSuitesInProcess(ForkedBooter.java:115)
	at org.apache.maven.surefire.booter.ForkedBooter.main(ForkedBooter.java:75)
Caused by: org.hibernate.exception.ConstraintViolationException: could not execute statement
	at org.hibernate.exception.internal.SQLStateConversionDelegate.convert(SQLStateConversionDelegate.java:112)
	at org.hibernate.exception.internal.StandardSQLExceptionConverter.convert(StandardSQLExceptionConverter.java:42)
	at org.hibernate.engine.jdbc.spi.SqlExceptionHelper.convert(SqlExceptionHelper.java:111)
	at org.hibernate.engine.jdbc.spi.SqlExceptionHelper.convert(SqlExceptionHelper.java:97)
	at org.hibernate.engine.jdbc.internal.ResultSetReturnImpl.executeUpdate(ResultSetReturnImpl.java:178)
	at org.hibernate.persister.entity.AbstractEntityPersister.insert(AbstractEntityPersister.java:3032)
	at org.hibernate.persister.entity.AbstractEntityPersister.insert(AbstractEntityPersister.java:3547)
	at org.hibernate.action.internal.EntityInsertAction.execute(EntityInsertAction.java:89)
	at org.hibernate.engine.spi.ActionQueue.executeActions(ActionQueue.java:600)
	at org.hibernate.engine.spi.ActionQueue.executeActions(ActionQueue.java:474)
	at org.hibernate.event.internal.AbstractFlushingEventListener.performExecutions(AbstractFlushingEventListener.java:337)
	at org.hibernate.event.internal.DefaultFlushEventListener.onFlush(DefaultFlushEventListener.java:39)
	at org.hibernate.internal.SessionImpl.doFlush(SessionImpl.java:1437)
	at org.hibernate.internal.SessionImpl.managedFlush(SessionImpl.java:494)
	at org.hibernate.internal.SessionImpl.flushBeforeTransactionCompletion(SessionImpl.java:3245)
	at org.hibernate.internal.SessionImpl.beforeTransactionCompletion(SessionImpl.java:2451)
	at org.hibernate.engine.jdbc.internal.JdbcCoordinatorImpl.beforeTransactionCompletion(JdbcCoordinatorImpl.java:473)
	at org.hibernate.resource.transaction.backend.jdbc.internal.JdbcResourceLocalTransactionCoordinatorImpl.beforeCompletionCallback(JdbcResourceLocalTransactionCoordinatorImpl.java:156)
	at org.hibernate.resource.transaction.backend.jdbc.internal.JdbcResourceLocalTransactionCoordinatorImpl.access$100(JdbcResourceLocalTransactionCoordinatorImpl.java:38)
	at org.hibernate.resource.transaction.backend.jdbc.internal.JdbcResourceLocalTransactionCoordinatorImpl$TransactionDriverControlImpl.commit(JdbcResourceLocalTransactionCoordinatorImpl.java:231)
	at org.hibernate.engine.transaction.internal.TransactionImpl.commit(TransactionImpl.java:68)
	at org.springframework.orm.hibernate5.HibernateTransactionManager.doCommit(HibernateTransactionManager.java:625)
	... 39 more
Caused by: org.h2.jdbc.JdbcSQLException: Referential integrity constraint violation: &quot;FK42IY97XLO64J31DSLBN36VMYH: PUBLIC.PRODUCT FOREIGN KEY(CATEGORYID) REFERENCES PUBLIC.CATEGORY(ID) (164)&quot;; SQL statement:
insert into Product (categoryId, imgName, imgName1, price, productName, quantity, rating, supplierId, id) values (?, ?, ?, ?, ?, ?, ?, ?, ?) [23506-197]
	at org.h2.message.DbException.getJdbcSQLException(DbException.java:357)
	at org.h2.message.DbException.get(DbException.java:179)
	at org.h2.message.DbException.get(DbException.java:155)
	at org.h2.constraint.ConstraintReferential.checkRowOwnTable(ConstraintReferential.java:332)
	at org.h2.constraint.ConstraintReferential.checkRow(ConstraintReferential.java:274)
	at org.h2.table.Table.fireConstraints(Table.java:995)
	at org.h2.table.Table.fireAfterRow(Table.java:1013)
	at org.h2.command.dml.Insert.insertRows(Insert.java:192)
	at org.h2.command.dml.Insert.update(Insert.java:134)
	at org.h2.command.CommandContainer.update(CommandContainer.java:102)
	at org.h2.command.Command.executeUpdate(Command.java:261)
	at org.h2.server.TcpServerThread.process(TcpServerThread.java:399)
	at org.h2.server.TcpServerThread.run(TcpServerThread.java:165)
	at java.lang.Thread.run(Unknown Source)

	at org.h2.engine.SessionRemote.done(SessionRemote.java:623)
	at org.h2.command.CommandRemote.executeUpdate(CommandRemote.java:237)
	at org.h2.jdbc.JdbcPreparedStatement.executeUpdateInternal(JdbcPreparedStatement.java:199)
	at org.h2.jdbc.JdbcPreparedStatement.executeUpdate(JdbcPreparedStatement.java:153)
	at org.hibernate.engine.jdbc.internal.ResultSetReturnImpl.executeUpdate(ResultSetReturnImpl.java:175)
	... 56 more
</error>
    <system-out>Hibernate: call next value for hibernate_sequence
Hibernate: insert into Product (categoryId, imgName, imgName1, price, productName, quantity, rating, supplierId, id) values (?, ?, ?, ?, ?, ?, ?, ?, ?)
</system-out>
    <system-err>Mar 14, 2019 10:00:31 PM org.hibernate.engine.jdbc.spi.SqlExceptionHelper logExceptions
WARN: SQL Error: 23506, SQLState: 23506
Mar 14, 2019 10:00:31 PM org.hibernate.engine.jdbc.spi.SqlExceptionHelper logExceptions
ERROR: Referential integrity constraint violation: &quot;FK42IY97XLO64J31DSLBN36VMYH: PUBLIC.PRODUCT FOREIGN KEY(CATEGORYID) REFERENCES PUBLIC.CATEGORY(ID) (164)&quot;; SQL statement:
insert into Product (categoryId, imgName, imgName1, price, productName, quantity, rating, supplierId, id) values (?, ?, ?, ?, ?, ?, ?, ?, ?) [23506-197]
Mar 14, 2019 10:00:31 PM org.hibernate.internal.ExceptionMapperStandardImpl mapManagedFlushFailure
ERROR: HHH000346: Error during managed flush [org.hibernate.exception.ConstraintViolationException: could not execute statement]
</system-err>
  </testcase>
  <testcase classname="com.amzukastore.testcases.ProductDaoImplTest" name="testGetProductById" time="0.058">
    <skipped/>
  </testcase>
  <testcase classname="com.amzukastore.testcases.ProductDaoImplTest" name="testDeleteProduct" time="0.058">
    <skipped/>
  </testcase>
  <testcase classname="com.amzukastore.testcases.ProductDaoImplTest" name="testGetAllProducts" time="0.058">
    <skipped/>
  </testcase>
</testsuite>