<?xml version="1.0" encoding="UTF-8" ?>
<testsuite tests="1" failures="0" name="com.amzukastore.testcases.CategoryTestCase" time="2.81" errors="0" skipped="1">
  <properties>
[...]
</properties>
  <testcase classname="com.amzukastore.testcases.CategoryTestCase" name="categoryTest" time="2.81">
    <skipped/>
    <system-out>inside password encoder
</system-out>
    <system-err>Mar 14, 2019 10:00:28 PM org.hibernate.Version logVersion
INFO: HHH000412: Hibernate Core {5.2.17.Final}
Mar 14, 2019 10:00:28 PM org.hibernate.cfg.Environment &lt;clinit&gt;
INFO: HHH000206: hibernate.properties not found
Mar 14, 2019 10:00:28 PM org.hibernate.annotations.common.reflection.java.JavaReflectionManager &lt;clinit&gt;
INFO: HCANN000001: Hibernate Commons Annotations {5.0.1.Final}
Mar 14, 2019 10:00:29 PM org.hibernate.dialect.Dialect &lt;init&gt;
INFO: HHH000400: Using dialect: org.hibernate.dialect.H2Dialect
Mar 14, 2019 10:00:29 PM org.hibernate.validator.internal.util.Version &lt;clinit&gt;
INFO: HV000001: Hibernate Validator 5.4.1.Final
</system-err>
  </testcase>
</testsuite>